New max fit: 1 (about to try vertex 0)
0 2 4 26 27 42 41 14 16 18 0 

New max fit: 2 (about to try vertex 0)
0 2 4 26 27 42 41 14 16 18 0 
0 18 47 48 33 32 58 65 50 20 0 

New max fit: 3 (about to try vertex 2)
0 2 4 26 27 42 41 14 16 18 0 
0 18 47 48 33 32 58 65 50 20 0 
0 20 21 36 35 60 67 52 23 2 0 

New max fit: 4 (about to try vertex 4)
0 2 4 26 27 42 41 14 16 18 0 
0 18 47 48 33 32 58 65 50 20 0 
0 20 21 36 35 60 67 52 23 2 0 
2 23 24 25 53 58 32 8 6 4 2 

New max fit: 5 (about to try vertex 6)
0 2 4 26 27 42 41 14 16 18 0 
0 18 47 48 33 32 58 65 50 20 0 
0 20 21 36 35 60 67 52 23 2 0 
2 23 24 25 53 58 32 8 6 4 2 
4 6 29 30 45 44 66 61 54 26 4 

New max fit: 6 (about to try vertex 8)
0 2 4 26 27 42 41 14 16 18 0 
0 18 47 48 33 32 58 65 50 20 0 
0 20 21 36 35 60 67 52 23 2 0 
2 23 24 25 53 58 32 8 6 4 2 
4 6 29 30 45 44 66 61 54 26 4 
6 8 10 12 38 39 40 63 56 29 6 

New max fit: 7 (about to try vertex 10)
0 2 4 26 27 42 41 14 16 18 0 
0 18 47 48 33 32 58 65 50 20 0 
0 20 21 36 35 60 67 52 23 2 0 
2 23 24 39 38 12 10 8 6 4 2 
4 6 29 30 45 44 66 61 54 26 4 
6 8 32 33 34 59 64 51 56 29 6 
8 10 35 36 37 61 66 53 58 32 8 

New max fit: 8 (about to try vertex 12)
0 2 4 26 27 42 41 14 16 18 0 
0 18 47 48 33 32 58 65 50 20 0 
0 20 21 22 1 3 25 24 23 2 0 
2 23 52 59 64 51 56 29 6 4 2 
4 6 8 10 12 38 62 69 54 26 4 
6 29 30 45 44 66 53 58 32 8 6 
8 32 33 34 59 52 67 60 35 10 8 
10 35 36 37 61 66 44 16 14 12 10 

New max fit: 9 (about to try vertex 16)
0 2 4 26 27 42 41 14 16 18 0 
0 18 47 48 49 19 1 22 21 20 0 
0 20 50 57 62 38 39 24 23 2 0 
2 23 52 59 34 33 32 8 6 4 2 
4 6 29 30 45 44 66 61 54 26 4 
6 8 10 35 60 55 68 63 56 29 6 
8 32 58 53 66 44 16 14 12 10 8 
10 12 38 62 69 54 61 37 36 35 10 
12 14 41 64 51 56 63 40 39 38 12 

New max fit: 10 (about to try vertex 20)
0 2 4 26 27 42 43 65 50 20 0 
0 18 16 44 66 53 25 24 23 2 0 
0 20 21 22 1 19 49 48 47 18 0 
2 23 52 67 46 45 30 29 6 4 2 
4 6 8 32 58 53 66 61 54 26 4 
6 29 56 63 40 39 38 12 10 8 6 
8 10 35 36 37 11 9 34 33 32 8 
10 12 14 41 42 27 28 55 60 35 10 
12 38 62 57 31 30 45 44 16 14 12 
14 16 18 47 68 63 56 51 64 41 14 

New max fit: 11 (about to try vertex 21)
0 2 4 26 27 42 43 65 50 20 0 
0 18 16 44 66 53 25 24 23 2 0 
0 20 21 22 1 19 49 48 47 18 0 
2 23 52 67 46 45 30 29 6 4 2 
4 6 8 32 58 53 66 61 54 26 4 
6 29 56 63 40 39 38 12 10 8 6 
8 10 35 36 37 11 9 34 33 32 8 
10 12 14 41 42 27 28 55 60 35 10 
12 38 62 57 31 30 45 44 16 14 12 
14 16 18 47 68 63 56 51 64 41 14 
20 50 57 62 69 54 61 37 36 21 20 

New max fit: 12 (about to try vertex 22)
0 2 4 26 27 42 43 65 50 20 0 
0 18 16 44 66 53 25 24 23 2 0 
0 20 21 22 1 19 49 48 47 18 0 
2 23 52 67 46 45 30 29 6 4 2 
4 6 8 32 58 53 66 61 54 26 4 
6 29 56 63 40 39 38 12 10 8 6 
8 10 35 36 37 11 9 34 33 32 8 
10 12 14 41 42 27 28 55 60 35 10 
12 38 62 57 31 30 45 44 16 14 12 
14 16 18 47 68 63 56 51 64 41 14 
20 50 57 62 69 54 61 37 36 21 20 
21 36 35 60 67 52 59 64 51 22 21 

New max fit: 13 (about to try vertex 1)
0 2 4 26 27 42 43 65 50 20 0 
0 18 16 44 66 53 25 24 23 2 0 
0 20 21 22 1 19 49 48 47 18 0 
1 22 51 56 29 30 31 7 5 3 1 
2 23 52 67 46 45 30 29 6 4 2 
4 6 8 32 58 53 66 61 54 26 4 
6 29 56 63 40 39 38 12 10 8 6 
8 10 35 36 37 11 9 34 33 32 8 
10 12 14 41 42 27 28 55 60 35 10 
12 38 62 57 31 30 45 44 16 14 12 
14 16 18 47 68 63 56 51 64 41 14 
20 50 57 62 69 54 61 37 36 21 20 
21 36 35 60 67 52 59 64 51 22 21 

New max fit: 14 (about to try vertex 3)
0 2 4 26 27 42 43 65 50 20 0 
0 18 16 44 66 53 25 24 23 2 0 
0 20 21 22 1 19 49 48 47 18 0 
1 3 25 53 58 65 43 15 17 19 1 
1 22 51 56 29 30 31 7 5 3 1 
2 23 52 67 46 45 30 29 6 4 2 
4 6 8 32 58 53 66 61 54 26 4 
6 29 56 63 40 39 38 12 10 8 6 
8 10 35 36 37 11 9 34 33 32 8 
10 12 14 41 42 27 28 55 60 35 10 
12 38 62 57 31 30 45 44 16 14 12 
14 16 18 47 68 63 56 51 64 41 14 
20 50 57 62 69 54 61 37 36 21 20 
21 36 35 60 67 52 59 64 51 22 21 

New max fit: 15 (about to try vertex 12)
0 2 4 26 27 42 43 65 50 20 0 
0 18 16 14 41 64 59 52 23 2 0 
0 20 21 22 1 19 49 48 47 18 0 
1 3 25 24 23 52 67 46 17 19 1 
1 22 51 64 41 42 27 28 5 3 1 
2 23 24 39 40 63 56 29 6 4 2 
3 5 7 31 57 50 65 58 53 25 3 
4 6 8 32 33 48 49 69 54 26 4 
5 28 55 60 67 52 59 34 9 7 5 
6 29 30 45 46 67 60 35 10 8 6 
7 9 11 37 61 66 44 45 30 31 7 
8 10 12 14 16 44 66 53 58 32 8 
9 34 33 32 58 65 43 15 13 11 9 
10 35 36 37 11 13 40 39 38 12 10 
24 25 53 66 61 54 69 62 38 39 24 

