New max fit: 1 (about to try vertex 0)
0 88 73 22 32 75 38 79 100 71 43 0 

New max fit: 2 (about to try vertex 0)
0 88 73 22 32 75 38 79 100 71 43 0 
0 43 25 16 81 74 57 20 68 8 47 0 

New max fit: 3 (about to try vertex 43)
0 88 73 22 32 75 38 79 100 71 43 0 
0 43 25 16 81 74 57 20 68 8 47 0 
0 47 33 102 4 58 104 108 65 78 88 0 

New max fit: 4 (about to try vertex 25)
0 88 73 22 32 75 38 79 100 71 43 0 
0 43 25 16 81 74 57 20 68 8 47 0 
0 47 33 102 4 58 104 108 65 78 88 0 
10 107 15 101 25 43 71 45 90 54 49 10 

New max fit: 5 (about to try vertex 16)
0 88 73 22 32 75 38 79 100 71 43 0 
0 43 25 16 81 74 57 20 68 8 47 0 
0 47 33 102 4 58 104 108 65 78 88 0 
7 18 92 16 25 101 105 51 27 95 37 7 
10 107 15 101 25 43 71 45 90 54 49 10 

New max fit: 6 (about to try vertex 47)
0 88 73 22 32 75 38 79 100 71 43 0 
0 43 25 16 81 74 57 20 68 8 47 0 
0 47 33 102 4 58 104 108 65 78 88 0 
3 93 30 109 81 16 92 18 7 48 110 3 
10 107 15 101 25 43 71 45 90 54 49 10 
13 39 23 64 28 98 92 16 25 101 105 13 

New max fit: 7 (about to try vertex 8)
0 88 73 22 32 75 38 79 100 71 43 0 
0 43 25 16 81 74 57 20 68 8 47 0 
0 47 33 102 83 12 50 96 72 78 88 0 
3 110 33 47 8 111 103 44 99 13 39 3 
4 58 104 6 109 81 16 92 98 86 66 4 
7 18 92 16 25 101 105 51 27 95 37 7 
10 107 15 101 25 43 71 45 90 54 49 10 

New max fit: 8 (about to try vertex 33)
0 88 73 22 32 75 38 79 100 71 43 0 
0 43 25 16 81 74 57 20 68 8 47 0 
0 47 33 102 83 12 50 96 72 78 88 0 
2 82 52 11 91 62 26 111 8 68 14 2 
3 110 33 47 8 111 103 44 99 13 39 3 
4 58 104 6 109 81 16 92 98 86 66 4 
7 18 92 16 25 101 105 51 27 95 37 7 
10 107 15 101 25 43 71 45 90 54 49 10 

New max fit: 9 (about to try vertex 68)
0 88 73 22 32 75 38 79 100 71 43 0 
0 43 25 16 92 18 7 48 110 33 47 0 
0 47 8 68 14 27 95 108 65 78 88 0 
1 36 40 61 69 86 98 92 16 81 74 1 
3 93 52 11 96 50 12 83 102 33 110 3 
4 58 104 6 85 103 111 8 47 33 102 4 
8 111 26 62 91 31 80 46 53 20 68 8 
10 49 34 30 109 81 16 25 101 15 107 10 
13 105 101 25 43 71 45 106 87 23 39 13 

New max fit: 10 (about to try vertex 3)
0 88 73 22 29 97 18 92 16 25 43 0 
0 43 71 100 79 38 77 26 111 8 47 0 
0 47 33 102 4 58 104 108 65 78 88 0 
1 74 81 16 92 98 86 69 61 40 36 1 
3 39 13 99 35 67 54 49 34 30 93 3 
3 93 52 11 96 50 12 83 102 33 110 3 
6 104 58 80 31 15 101 25 16 81 109 6 
8 68 20 57 55 59 17 48 110 33 47 8 
8 111 103 44 99 13 105 51 27 14 68 8 
13 39 23 87 106 45 71 43 25 101 105 13 

New max fit: 11 (about to try vertex 23)
0 88 73 40 36 1 74 81 16 25 43 0 
0 43 71 100 79 59 17 48 110 33 47 0 
0 47 8 68 20 57 55 21 72 78 88 0 
2 14 68 8 111 26 77 28 98 86 69 2 
3 93 52 11 96 50 12 83 102 33 110 3 
4 58 104 6 85 103 111 8 47 33 102 4 
10 49 54 90 45 71 43 25 101 15 107 10 
13 105 101 25 16 92 98 28 64 23 39 13 
16 81 109 30 34 32 22 29 97 18 92 16 
19 56 76 64 28 77 38 79 100 60 94 19 
23 64 76 65 108 104 58 80 46 53 87 23 

New max fit: 12 (about to try vertex 29)
0 47 8 111 26 62 70 36 40 73 88 0 
1 36 70 9 37 7 18 92 16 81 74 1 
1 89 19 56 10 107 63 42 61 40 36 1 
1 74 57 20 68 8 47 33 102 83 89 1 
2 69 61 42 84 85 103 111 8 68 14 2 
3 110 48 7 37 95 27 51 105 13 39 3 
5 12 50 96 72 78 88 73 22 32 75 5 
7 48 17 59 79 100 60 94 24 97 18 7 
9 70 62 91 11 96 50 41 106 45 90 9 
9 90 54 49 10 56 76 65 108 95 37 9 
10 49 34 32 22 29 46 80 31 15 107 10 
18 97 29 22 73 40 61 69 86 98 92 18 

New max fit: 13 (about to try vertex 5)
0 88 73 22 32 75 38 79 100 71 43 0 
0 43 25 16 81 74 57 20 68 8 47 0 
0 47 33 102 4 58 104 108 65 78 88 0 
3 110 33 47 8 111 103 44 99 13 39 3 
7 18 92 16 25 101 105 51 27 95 37 7 
10 107 15 101 25 43 71 45 90 54 49 10 
1 89 83 102 33 110 48 17 59 55 57 74 1 
2 14 27 51 5 12 83 89 19 94 60 82 2 
2 82 52 93 30 109 81 16 92 98 86 69 2 
2 69 61 40 36 70 62 26 111 8 68 14 2 
11 91 31 80 46 53 20 57 55 21 72 96 11 
14 68 20 53 87 23 64 76 65 108 95 27 14 
5 51 105 13 99 35 67 66 86 98 28 77 38 75 5 

New max fit: 14 (about to try vertex 3)
0 88 73 22 32 75 38 79 100 71 43 0 
0 43 25 16 81 74 57 20 68 8 47 0 
0 47 33 102 4 58 104 108 65 78 88 0 
3 110 33 47 8 111 103 44 99 13 39 3 
7 18 92 16 25 101 105 51 27 95 37 7 
10 107 15 101 25 43 71 45 90 54 49 10 
1 89 83 102 33 110 48 17 59 55 57 74 1 
2 14 27 51 5 12 83 89 19 94 60 82 2 
2 82 52 93 30 109 81 16 92 98 86 69 2 
2 69 61 40 36 70 62 26 111 8 68 14 2 
11 91 31 80 46 53 20 57 55 21 72 96 11 
14 68 20 53 87 23 64 76 65 108 95 27 14 
3 39 23 87 106 41 50 12 5 75 32 34 30 93 3 
5 51 105 13 99 35 67 66 86 98 28 77 38 75 5 

New max fit: 15 (about to try vertex 10)
0 88 73 22 32 75 38 79 100 71 43 0 
0 43 25 16 81 74 57 20 68 8 47 0 
0 47 33 102 4 58 104 108 65 78 88 0 
1 36 40 73 88 78 72 21 55 57 74 1 
3 110 33 47 8 111 103 44 99 13 39 3 
7 18 92 16 25 101 105 51 27 95 37 7 
10 107 15 101 25 43 71 45 90 54 49 10 
1 89 83 102 33 110 48 7 37 9 70 36 1 
2 14 27 51 5 12 83 89 19 94 60 82 2 
2 82 52 93 30 109 81 16 92 98 86 69 2 
2 69 61 40 36 70 62 26 111 8 68 14 2 
7 48 17 59 55 21 35 99 44 24 97 18 7 
14 68 20 53 87 23 64 76 65 108 95 27 14 
1 74 81 109 6 85 84 42 63 107 10 56 19 89 1 
18 97 29 46 53 20 57 55 59 79 38 77 28 98 92 18 

New max fit: 16 (about to try vertex 3)
0 88 73 22 32 75 38 79 100 71 43 0 
0 43 25 16 81 74 57 20 68 8 47 0 
0 47 33 102 4 58 104 108 65 78 88 0 
1 36 40 73 88 78 72 21 55 57 74 1 
3 110 33 47 8 111 103 44 99 13 39 3 
7 18 92 16 25 101 105 51 27 95 37 7 
10 107 15 101 25 43 71 45 90 54 49 10 
1 89 83 102 33 110 48 7 37 9 70 36 1 
2 14 27 51 5 12 83 89 19 94 60 82 2 
2 82 52 93 30 109 81 16 92 98 86 69 2 
2 69 61 40 36 70 62 26 111 8 68 14 2 
7 48 17 59 55 21 35 99 44 24 97 18 7 
14 68 20 53 87 23 64 76 65 108 95 27 14 
1 74 81 109 6 85 84 42 63 107 10 56 19 89 1 
18 97 29 46 53 20 57 55 59 79 38 77 28 98 92 18 
3 39 23 87 106 41 50 96 72 78 65 76 56 10 49 34 30 93 3 

New max fit: 17 (about to try vertex 15)
0 88 73 22 32 75 38 79 100 71 43 0 
0 43 25 16 81 74 57 20 68 8 47 0 
0 47 33 102 4 58 104 108 65 78 88 0 
1 36 40 73 88 78 72 21 55 57 74 1 
3 110 33 47 8 111 103 44 99 13 39 3 
7 18 92 16 25 101 105 51 27 95 37 7 
10 107 15 101 25 43 71 45 90 54 49 10 
1 89 83 102 33 110 48 7 37 9 70 36 1 
2 14 27 51 5 12 83 89 19 94 60 82 2 
2 82 52 93 30 109 81 16 92 98 86 69 2 
2 69 61 40 36 70 62 26 111 8 68 14 2 
3 93 52 11 91 31 15 107 63 17 48 110 3 
7 48 17 59 55 21 35 99 44 24 97 18 7 
14 68 20 53 87 23 64 76 65 108 95 27 14 
1 74 81 109 6 85 84 42 63 107 10 56 19 89 1 
18 97 29 46 53 20 57 55 59 79 38 77 28 98 92 18 
3 39 23 87 106 41 50 96 72 78 65 76 56 10 49 34 30 93 3 

New max fit: 18 (about to try vertex 4)
0 88 73 22 32 75 38 79 100 71 43 0 
0 43 25 16 81 74 57 20 68 8 47 0 
0 47 33 102 4 58 104 108 65 78 88 0 
1 36 40 73 88 78 72 21 55 57 74 1 
3 110 33 47 8 111 103 44 99 13 39 3 
7 18 92 16 25 101 105 51 27 95 37 7 
10 107 15 101 25 43 71 45 90 54 49 10 
1 89 83 102 33 110 48 7 37 9 70 36 1 
2 14 27 51 5 12 83 89 19 94 60 82 2 
2 82 52 93 30 109 81 16 92 98 86 69 2 
2 69 61 40 36 70 62 26 111 8 68 14 2 
3 93 52 11 91 31 15 107 63 17 48 110 3 
7 48 17 59 55 21 35 99 44 24 97 18 7 
14 68 20 53 87 23 64 76 65 108 95 27 14 
1 74 81 109 6 85 84 42 63 107 10 56 19 89 1 
4 66 86 98 28 64 23 39 13 105 101 15 31 80 58 4 
18 97 29 46 53 20 57 55 59 79 38 77 28 98 92 18 
3 39 23 87 106 41 50 96 72 78 65 76 56 10 49 34 30 93 3 

New max fit: 19 (about to try vertex 15)
0 88 73 22 32 75 38 79 100 71 43 0 
0 43 25 16 81 74 57 20 68 8 47 0 
0 47 33 102 4 58 104 108 65 78 88 0 
3 93 52 11 96 50 12 83 102 33 110 3 
5 51 105 13 39 23 64 28 77 38 75 5 
7 18 92 16 25 101 105 51 27 95 37 7 
7 37 9 70 36 40 61 42 63 17 48 7 
10 107 15 101 25 43 71 45 90 54 49 10 
2 82 52 93 30 109 81 16 92 98 86 69 2 
7 48 110 33 47 8 111 103 44 24 97 18 7 
2 14 27 51 5 12 50 41 106 45 71 100 60 82 2 
10 56 76 64 23 87 53 20 57 55 59 17 63 107 10 
11 52 82 60 94 24 44 99 13 105 101 15 31 91 11 
1 89 83 12 5 75 32 34 49 54 67 35 21 55 57 74 1 
6 85 84 42 61 69 86 66 67 54 90 9 37 95 108 104 6 
2 69 61 40 73 88 78 72 96 11 91 62 26 111 8 68 14 2 
3 110 48 17 59 79 38 77 26 62 70 9 90 45 106 87 23 39 3 
3 39 13 99 35 67 66 4 102 83 89 19 56 10 49 34 30 93 3 
4 66 86 98 28 64 76 65 108 95 27 14 68 20 53 46 80 58 4 

New max fit: 20 (about to try vertex 19)
0 88 73 22 32 75 38 79 100 71 43 0 
0 43 25 16 81 74 57 20 68 8 47 0 
0 47 33 102 4 58 104 108 65 78 88 0 
7 18 92 16 25 101 105 51 27 95 37 7 
10 107 15 101 25 43 71 45 90 54 49 10 
17 63 42 84 41 50 96 72 21 55 59 17 
2 82 52 93 30 109 81 16 92 98 86 69 2 
3 93 52 11 91 31 15 107 63 17 48 110 3 
14 68 20 53 87 23 64 76 65 108 95 27 14 
13 105 101 15 31 80 46 53 20 57 55 21 35 99 13 
3 110 33 47 8 111 26 77 38 75 5 51 105 13 39 3 
7 37 9 70 62 91 11 96 50 12 83 102 33 110 48 7 
6 85 84 42 61 69 86 66 67 54 90 9 37 95 108 104 6 
3 39 23 87 106 45 71 100 60 94 19 56 10 49 34 30 93 3 
7 48 17 59 79 38 77 28 64 23 39 13 99 44 24 97 18 7 
10 56 76 64 28 98 92 18 97 29 22 73 40 61 42 63 107 10 
1 36 40 73 88 78 72 96 11 52 82 60 100 79 59 55 57 74 1 
2 14 27 51 5 12 50 41 106 87 53 46 29 97 24 94 60 82 2 
2 69 61 40 36 70 9 90 45 106 41 84 85 103 111 8 68 14 2 
5 75 32 34 49 54 67 35 21 72 78 65 76 56 19 89 83 12 5 

