New max fit: 1 (about to try vertex 0)
0 63 15 73 3 72 7 66 1 67 31 64 0 

New max fit: 2 (about to try vertex 0)
0 63 15 73 3 72 7 66 1 67 31 64 0 
0 64 32 106 19 86 9 87 21 110 48 65 0 

New max fit: 3 (about to try vertex 63)
0 63 15 73 3 72 7 66 1 67 31 64 0 
0 64 32 106 19 86 9 87 21 110 48 65 0 
0 65 47 79 5 78 10 89 53 103 16 63 0 

New max fit: 4 (about to try vertex 15)
0 63 15 73 3 72 7 66 1 67 31 64 0 
0 64 32 106 19 86 9 87 21 110 48 65 0 
0 65 47 79 5 78 10 89 53 103 16 63 0 
4 75 15 63 16 102 35 84 46 109 57 77 4 

New max fit: 5 (about to try vertex 16)
0 63 15 73 3 72 7 66 1 67 31 64 0 
0 64 32 106 19 86 9 87 21 110 48 65 0 
0 65 47 79 5 78 10 89 53 103 16 63 0 
4 75 15 63 16 102 35 84 46 109 57 77 4 
11 90 17 73 15 75 18 104 43 94 33 91 11 

New max fit: 6 (about to try vertex 64)
0 63 15 73 3 72 7 66 1 67 31 64 0 
0 64 32 106 19 86 9 87 21 110 48 65 0 
0 65 47 79 5 78 10 89 53 103 16 63 0 
4 75 15 63 16 102 35 84 46 109 57 77 4 
11 90 17 73 15 75 18 104 43 94 33 91 11 
12 95 54 102 16 103 36 100 14 99 25 93 12 

New max fit: 7 (about to try vertex 25)
0 63 15 73 3 72 7 66 1 67 31 64 0 
0 64 32 106 19 86 9 87 21 110 48 65 0 
0 65 47 79 5 78 10 89 53 103 16 63 0 
2 69 23 74 25 99 20 108 32 64 31 70 2 
4 75 15 63 16 102 35 84 46 109 57 77 4 
11 90 17 73 15 75 18 104 43 94 33 91 11 
12 95 54 102 16 103 36 100 14 99 25 93 12 

New max fit: 8 (about to try vertex 3)
0 63 15 73 3 72 7 66 1 67 31 64 0 
0 64 32 106 19 86 9 87 21 110 48 65 0 
0 65 47 79 5 78 10 89 53 103 16 63 0 
2 69 23 74 25 99 20 108 32 64 31 70 2 
3 73 17 96 27 118 60 113 22 93 25 74 3 
4 75 15 63 16 102 35 84 46 109 57 77 4 
11 90 17 73 15 75 18 104 43 94 33 91 11 
12 95 54 102 16 103 36 100 14 99 25 93 12 

New max fit: 9 (about to try vertex 9)
0 63 15 73 3 72 7 66 1 67 31 64 0 
0 64 32 106 19 86 9 87 21 110 48 65 0 
0 65 47 79 5 78 10 89 53 103 16 63 0 
2 69 23 74 25 99 20 108 32 64 31 70 2 
3 73 17 96 27 118 60 113 22 93 25 74 3 
3 74 23 81 6 82 42 121 28 87 9 72 3 
4 75 15 63 16 102 35 84 46 109 57 77 4 
11 90 17 73 15 75 18 104 43 94 33 91 11 
12 95 54 102 16 103 36 100 14 99 25 93 12 

New max fit: 10 (about to try vertex 7)
0 63 15 73 3 72 7 66 1 67 31 64 0 
0 64 32 106 19 86 9 87 21 110 48 65 0 
0 65 47 79 5 78 10 89 53 103 16 63 0 
2 69 23 74 25 99 20 108 32 64 31 70 2 
3 73 17 96 27 118 60 113 22 93 25 74 3 
3 74 23 81 6 82 42 121 28 87 9 72 3 
4 75 15 63 16 102 35 84 46 109 57 77 4 
7 72 9 86 30 125 43 104 61 88 10 78 7 
11 90 17 73 15 75 18 104 43 94 33 91 11 
12 95 54 102 16 103 36 100 14 99 25 93 12 

New max fit: 11 (about to try vertex 5)
0 63 15 73 3 72 7 66 1 67 31 64 0 
0 64 32 106 19 86 9 87 21 110 48 65 0 
0 65 47 79 5 78 10 89 53 103 16 63 0 
2 69 23 74 25 99 20 108 32 64 31 70 2 
3 73 17 96 27 118 60 113 22 93 25 74 3 
3 74 23 81 6 82 42 121 28 87 9 72 3 
4 75 15 63 16 102 35 84 46 109 57 77 4 
5 80 55 71 56 122 37 85 8 66 7 78 5 
7 72 9 86 30 125 43 104 61 88 10 78 7 
11 90 17 73 15 75 18 104 43 94 33 91 11 
12 95 54 102 16 103 36 100 14 99 25 93 12 

New max fit: 12 (about to try vertex 10)
0 63 15 73 3 72 7 66 1 67 31 64 0 
0 64 32 106 19 86 9 87 21 110 48 65 0 
0 65 47 79 5 78 10 89 53 103 16 63 0 
2 69 23 74 25 99 20 108 32 64 31 70 2 
3 73 17 96 27 118 60 113 22 93 25 74 3 
3 74 23 81 6 82 42 121 28 87 9 72 3 
4 75 15 63 16 102 35 84 46 109 57 77 4 
5 79 49 92 62 107 19 106 52 98 58 80 5 
5 80 55 71 56 122 37 85 8 66 7 78 5 
7 72 9 86 30 125 43 104 61 88 10 78 7 
11 90 17 73 15 75 18 104 43 94 33 91 11 
12 95 54 102 16 103 36 100 14 99 25 93 12 

New max fit: 13 (about to try vertex 17)
0 63 15 73 3 72 7 66 1 67 31 64 0 
0 64 32 106 19 86 9 87 21 110 48 65 0 
0 65 47 79 5 78 10 89 53 103 16 63 0 
2 69 23 74 25 99 20 108 32 64 31 70 2 
3 73 17 96 27 118 60 113 22 93 25 74 3 
3 74 23 81 6 82 42 121 28 87 9 72 3 
4 75 15 63 16 102 35 84 46 109 57 77 4 
5 79 49 92 62 107 19 106 52 98 58 80 5 
5 80 55 71 56 122 37 85 8 66 7 78 5 
7 72 9 86 30 125 43 104 61 88 10 78 7 
10 88 51 123 42 82 39 76 41 113 60 89 10 
11 90 17 73 15 75 18 104 43 94 33 91 11 
12 95 54 102 16 103 36 100 14 99 25 93 12 

New max fit: 14 (about to try vertex 17)
0 63 15 73 3 72 7 66 1 67 31 64 0 
0 64 32 106 19 86 9 87 21 110 48 65 0 
0 65 47 79 5 78 10 89 53 103 16 63 0 
2 69 23 74 25 99 20 108 32 64 31 70 2 
2 70 34 118 27 119 50 125 30 124 56 71 2 
2 71 55 80 5 79 49 92 62 114 24 69 2 
3 73 17 96 27 118 60 113 22 93 25 74 3 
3 74 23 81 6 82 42 121 28 87 9 72 3 
4 75 15 63 16 102 35 84 46 109 57 77 4 
5 80 58 98 52 117 45 85 8 66 7 78 5 
7 72 9 86 30 125 43 104 61 88 10 78 7 
10 88 51 123 42 82 39 76 41 113 60 89 10 
11 90 17 73 15 75 18 104 43 94 33 91 11 
12 95 54 102 16 103 36 100 14 99 25 93 12 

New max fit: 15 (about to try vertex 23)
0 63 15 73 3 72 7 66 1 67 31 64 0 
0 64 32 106 19 86 9 87 21 110 48 65 0 
0 65 47 79 5 78 10 89 53 103 16 63 0 
2 69 23 74 25 99 20 108 32 64 31 70 2 
2 70 34 118 27 119 50 125 30 124 56 71 2 
2 71 55 80 5 79 49 92 62 114 24 69 2 
3 73 17 96 27 118 60 113 22 93 25 74 3 
3 74 23 81 6 82 42 121 28 87 9 72 3 
4 75 15 63 16 102 35 84 46 109 57 77 4 
5 80 58 98 52 117 45 85 8 66 7 78 5 
7 72 9 86 30 125 43 104 61 88 10 78 7 
10 88 51 123 42 82 39 76 41 113 60 89 10 
11 90 17 73 15 75 18 104 43 94 33 91 11 
12 95 54 102 16 103 36 100 14 99 25 93 12 
13 96 17 90 29 122 37 112 48 110 38 97 13 

New max fit: 16 (about to try vertex 18)
0 63 15 73 3 72 7 66 1 67 31 64 0 
0 64 32 106 19 86 9 87 21 110 48 65 0 
0 65 47 79 5 78 10 89 53 103 16 63 0 
2 69 23 74 25 99 20 108 32 64 31 70 2 
2 70 34 118 27 119 50 125 30 124 56 71 2 
2 71 55 80 5 79 49 92 62 114 24 69 2 
3 73 17 96 27 118 60 113 22 93 25 74 3 
3 74 23 81 6 82 42 121 28 87 9 72 3 
4 75 15 63 16 102 35 84 46 109 57 77 4 
5 80 58 98 52 117 45 85 8 66 7 78 5 
7 72 9 86 30 125 43 104 61 88 10 78 7 
10 88 51 123 42 82 39 76 41 113 60 89 10 
11 90 17 73 15 75 18 104 43 94 33 91 11 
12 95 54 102 16 103 36 100 14 99 25 93 12 
13 96 17 90 29 122 37 112 48 110 38 97 13 
18 105 45 117 26 81 23 69 24 115 61 104 18 

New max fit: 17 (about to try vertex 9)
0 63 15 73 3 72 7 66 1 67 31 64 0 
0 64 32 106 19 86 9 87 21 110 48 65 0 
0 65 47 79 5 78 10 89 53 103 16 63 0 
1 66 8 85 37 112 48 110 38 97 40 68 1 
1 68 39 82 6 81 26 116 44 91 33 67 1 
2 71 56 122 29 123 51 108 32 64 31 70 2 
3 73 17 96 13 97 38 115 24 69 23 74 3 
3 74 25 99 14 101 59 120 28 87 9 72 3 
4 75 15 63 16 102 35 84 46 109 57 77 4 
6 82 42 121 54 95 12 94 43 125 50 83 6 
6 83 47 65 48 112 22 93 25 74 23 81 6 
11 90 17 73 15 75 18 104 43 94 33 91 11 
12 93 22 113 60 118 34 70 31 67 33 94 12 
12 95 58 98 52 106 32 108 20 99 25 93 12 
16 103 36 124 56 71 55 80 58 95 54 102 16 
19 106 52 117 45 105 59 101 49 92 62 107 19 
19 107 41 113 22 112 37 122 56 124 30 86 19 

New max fit: 18 (about to try vertex 7)
0 63 15 73 3 72 7 66 1 67 31 64 0 
0 64 32 106 19 86 9 87 21 110 48 65 0 
0 65 47 79 5 78 10 89 53 103 16 63 0 
1 66 8 85 37 112 48 110 38 97 40 68 1 
1 68 39 82 6 81 26 116 44 91 33 67 1 
2 71 56 122 29 123 51 108 32 64 31 70 2 
3 73 17 96 13 97 38 115 24 69 23 74 3 
3 74 25 99 14 101 59 120 28 87 9 72 3 
4 75 15 63 16 102 35 84 46 109 57 77 4 
6 82 42 121 54 95 12 94 43 125 50 83 6 
6 83 47 65 48 112 22 93 25 74 23 81 6 
7 72 9 86 30 125 43 104 61 88 10 78 7 
11 90 17 73 15 75 18 104 43 94 33 91 11 
12 93 22 113 60 118 34 70 31 67 33 94 12 
12 95 58 98 52 106 32 108 20 99 25 93 12 
16 103 36 124 56 71 55 80 58 95 54 102 16 
19 106 52 117 45 105 59 101 49 92 62 107 19 
19 107 41 113 22 112 37 122 56 124 30 86 19 

New max fit: 19 (about to try vertex 5)
0 63 15 73 3 72 7 66 1 67 31 64 0 
0 64 32 106 19 86 9 87 21 110 48 65 0 
0 65 47 79 5 78 10 89 53 103 16 63 0 
1 66 8 84 46 119 50 83 6 82 39 68 1 
1 68 40 97 13 98 58 95 12 94 33 67 1 
2 69 24 114 35 84 8 85 37 122 56 71 2 
2 70 31 67 33 91 44 116 26 81 23 69 2 
2 71 55 77 57 111 21 87 28 120 34 70 2 
4 75 15 63 16 102 35 114 62 107 41 76 4 
5 80 58 98 52 117 45 85 8 66 7 78 5 
6 81 26 117 52 106 32 108 51 123 42 82 6 
6 83 47 65 48 112 22 93 25 74 23 81 6 
11 90 17 96 13 97 38 110 21 111 44 91 11 
12 95 54 102 16 103 36 100 14 99 25 93 12 
13 96 27 118 60 113 41 107 19 106 52 98 13 
15 75 18 104 43 125 50 119 27 96 17 73 15 
19 107 62 92 49 79 47 83 50 125 30 86 19 
20 108 32 64 31 70 34 118 27 119 46 109 20 
26 116 53 89 60 118 34 120 59 105 45 117 26 

New max fit: 20 (about to try vertex 17)
0 63 15 73 3 72 7 66 1 67 31 64 0 
0 64 32 106 19 86 9 87 21 110 48 65 0 
0 65 47 83 6 81 26 116 53 103 16 63 0 
1 66 8 84 46 119 27 96 13 97 40 68 1 
1 68 39 82 6 83 50 125 43 94 33 67 1 
2 69 23 74 25 99 20 108 32 64 31 70 2 
3 73 17 90 11 91 33 94 12 93 25 74 3 
3 74 23 81 6 82 42 121 28 87 9 72 3 
4 75 15 63 16 102 54 95 58 80 55 77 4 
5 79 47 65 48 112 37 85 8 66 7 78 5 
7 72 9 86 30 124 36 103 53 89 10 78 7 
8 85 45 105 59 120 28 121 54 102 35 84 8 
12 94 43 104 61 115 38 97 13 98 58 95 12 
12 95 54 121 42 123 29 122 37 112 22 93 12 
13 96 17 73 15 75 18 105 45 117 52 98 13 
14 99 25 93 22 113 60 118 34 120 59 101 14 
14 100 40 97 38 110 21 111 57 109 20 99 14 
14 101 49 92 62 114 35 102 16 103 36 100 14 
20 109 46 84 35 114 24 115 61 88 51 108 20 
21 87 28 120 34 70 31 67 33 91 44 111 21 

New max fit: 21 (about to try vertex 6)
0 63 15 73 3 72 7 66 1 67 31 64 0 
0 64 32 108 20 99 14 101 49 79 47 65 0 
0 65 48 110 38 115 24 114 35 102 16 63 0 
2 69 23 74 3 73 17 96 27 118 34 70 2 
2 70 31 67 33 94 12 95 58 80 55 71 2 
2 71 56 122 29 90 11 92 62 114 24 69 2 
3 74 25 93 12 94 43 125 30 86 9 72 3 
4 75 15 63 16 103 36 124 56 71 55 77 4 
4 76 39 82 42 121 28 120 59 105 18 75 4 
4 77 57 109 46 84 35 114 62 107 41 76 4 
5 78 10 88 51 123 42 82 6 83 47 79 5 
5 79 49 92 11 91 44 111 57 77 55 80 5 
5 80 58 98 52 117 45 85 8 66 7 78 5 
6 82 39 68 40 100 14 99 25 74 23 81 6 
7 72 9 87 21 111 44 116 53 89 10 78 7 
9 86 19 106 32 64 31 70 34 120 28 87 9 
10 89 60 118 27 119 50 125 43 104 61 88 10 
11 90 17 73 15 75 18 104 43 94 33 91 11 
12 93 22 113 60 89 53 103 16 102 54 95 12 
13 96 17 90 29 123 51 108 32 106 52 98 13 
18 105 45 117 26 81 23 69 24 115 61 104 18 

