New max fit: 1 (about to try vertex 0)
0 31 47 24 103 5 94 30 79 81 49 0 

New max fit: 2 (about to try vertex 0)
0 31 47 24 103 5 94 30 79 81 49 0 
0 49 99 61 44 36 92 89 10 62 84 0 

New max fit: 3 (about to try vertex 31)
0 31 47 24 103 5 94 30 79 81 49 0 
0 49 99 61 44 36 92 89 10 62 84 0 
0 84 32 29 23 41 20 54 56 51 31 0 

New max fit: 4 (about to try vertex 47)
0 31 47 24 103 5 94 30 79 81 49 0 
0 49 99 61 44 36 92 89 10 62 84 0 
0 84 32 29 23 41 20 54 56 51 31 0 
1 60 45 34 52 47 31 51 28 55 110 1 

New max fit: 5 (about to try vertex 24)
0 31 47 24 103 5 94 30 79 81 49 0 
0 49 99 61 44 36 92 89 10 62 84 0 
0 84 32 29 23 41 20 54 56 51 31 0 
1 60 45 34 52 47 31 51 28 55 110 1 
2 80 82 22 53 14 24 47 52 104 90 2 

New max fit: 6 (about to try vertex 14)
0 31 47 24 103 5 94 30 79 81 49 0 
0 49 99 61 44 36 92 89 10 62 84 0 
0 84 32 29 23 41 20 54 56 51 31 0 
1 60 45 34 52 47 31 51 28 55 110 1 
4 67 103 24 14 53 11 74 19 12 75 4 
7 37 107 14 24 47 52 104 90 46 69 7 

New max fit: 7 (about to try vertex 49)
0 31 47 24 103 5 94 30 79 81 49 0 
0 49 99 61 44 36 92 89 10 62 84 0 
0 84 32 29 23 41 20 54 56 51 31 0 
1 60 45 34 52 47 31 51 28 55 110 1 
4 67 103 24 14 53 11 74 19 12 75 4 
6 77 82 22 53 14 107 37 68 93 71 6 
14 24 47 52 104 76 57 89 92 33 107 14 

New max fit: 8 (about to try vertex 51)
0 31 47 24 103 5 94 30 79 81 49 0 
0 49 99 61 44 36 92 89 10 62 84 0 
0 84 32 29 23 41 20 54 56 51 31 0 
1 60 45 34 52 47 31 51 28 55 110 1 
3 97 99 49 81 18 17 72 101 9 59 3 
4 67 103 24 14 53 11 74 19 12 75 4 
6 77 82 22 53 14 107 37 68 93 71 6 
14 24 47 52 104 76 57 89 92 33 107 14 

New max fit: 9 (about to try vertex 6)
0 31 47 24 103 5 94 30 79 81 49 0 
0 49 99 61 44 36 92 89 10 62 84 0 
0 84 32 29 23 41 20 54 56 51 31 0 
1 60 45 34 52 47 31 51 28 55 110 1 
3 97 99 49 81 18 17 72 101 9 59 3 
4 67 103 24 14 53 11 74 19 12 75 4 
6 71 28 51 56 8 111 98 35 87 39 6 
6 77 82 22 53 14 107 37 68 93 71 6 
14 24 47 52 104 76 57 89 92 33 107 14 

New max fit: 10 (about to try vertex 9)
0 31 47 24 103 5 94 30 79 81 49 0 
0 49 99 61 44 36 92 89 10 62 84 0 
0 84 32 29 23 41 20 54 56 51 31 0 
1 60 45 34 52 47 31 51 28 55 110 1 
3 97 99 49 81 18 17 72 101 9 59 3 
4 67 103 24 14 53 11 74 19 12 75 4 
6 39 25 83 66 63 70 9 101 65 77 6 
6 71 28 51 56 8 111 98 35 87 39 6 
6 77 82 22 53 14 107 37 68 93 71 6 
14 24 47 52 104 76 57 89 92 33 107 14 

New max fit: 11 (about to try vertex 1)
0 31 47 24 103 5 94 30 79 81 49 0 
0 49 99 61 44 36 92 89 10 62 84 0 
0 84 32 29 23 41 20 54 56 51 31 0 
1 60 45 34 52 47 31 51 28 55 110 1 
1 110 36 44 27 48 5 103 67 4 42 1 
2 80 82 22 53 14 24 47 52 104 90 2 
3 97 99 49 81 18 17 72 101 9 59 3 
5 48 15 109 70 9 101 65 102 58 94 5 
3 43 105 67 103 24 14 107 37 68 86 97 3 
3 59 73 95 96 46 90 104 76 57 88 43 3 
9 70 63 66 33 107 14 53 11 74 73 59 9 

New max fit: 12 (about to try vertex 11)
0 31 47 24 103 5 94 30 79 81 49 0 
0 49 99 61 44 36 92 89 10 62 84 0 
0 84 32 29 23 41 20 54 56 51 31 0 
1 60 45 34 52 47 31 51 28 55 110 1 
1 110 36 44 27 48 5 103 67 4 42 1 
2 80 82 22 53 14 24 47 52 104 90 2 
3 97 99 49 81 18 17 72 101 9 59 3 
5 48 15 109 70 9 101 65 102 58 94 5 
1 42 17 18 16 38 11 53 22 41 23 60 1 
3 43 105 67 103 24 14 107 37 68 86 97 3 
3 59 73 95 96 46 90 104 76 57 88 43 3 
9 70 63 66 33 107 14 53 11 74 73 59 9 

New max fit: 13 (about to try vertex 17)
0 31 47 24 103 5 94 30 79 81 49 0 
0 49 99 61 44 36 92 89 10 62 84 0 
0 84 32 29 23 41 20 54 56 51 31 0 
1 60 45 34 52 47 31 51 28 55 110 1 
1 110 36 44 27 48 5 103 67 4 42 1 
2 80 82 22 53 14 24 47 52 104 90 2 
3 97 99 49 81 18 17 72 101 9 59 3 
5 48 15 109 70 9 101 65 102 58 94 5 
8 91 50 75 12 19 74 11 38 98 111 8 
1 42 17 18 16 38 11 53 22 41 23 60 1 
3 43 105 67 103 24 14 107 37 68 86 97 3 
3 59 73 95 96 46 90 104 76 57 88 43 3 
9 70 63 66 33 107 14 53 11 74 73 59 9 

New max fit: 14 (about to try vertex 2)
0 31 47 24 103 5 94 30 79 81 49 0 
0 49 99 61 44 36 92 89 10 62 84 0 
0 84 32 29 23 41 20 54 56 51 31 0 
1 60 45 34 52 47 31 51 28 55 110 1 
1 110 36 44 27 48 5 103 67 4 42 1 
2 80 82 22 53 14 24 47 52 104 90 2 
3 97 99 49 81 18 17 72 101 9 59 3 
5 48 15 109 70 9 101 65 102 58 94 5 
8 91 50 75 12 19 74 11 38 98 111 8 
1 42 17 18 16 38 11 53 22 41 23 60 1 
2 90 46 69 7 108 72 17 42 4 75 50 2 
3 43 105 67 103 24 14 107 37 68 86 97 3 
3 59 73 95 96 46 90 104 76 57 88 43 3 
9 70 63 66 33 107 14 53 11 74 73 59 9 

New max fit: 15 (about to try vertex 4)
0 31 47 24 103 5 94 30 79 81 49 0 
0 49 99 61 44 36 92 89 10 62 84 0 
0 84 32 29 23 41 20 54 56 51 31 0 
1 60 45 34 52 47 31 51 28 55 110 1 
1 110 36 44 27 48 5 103 67 4 42 1 
2 80 82 22 53 14 24 47 52 104 90 2 
3 97 99 49 81 18 17 72 101 9 59 3 
5 48 15 109 70 9 101 65 102 58 94 5 
11 38 98 35 64 32 84 62 12 19 74 11 
1 42 17 18 16 38 11 53 22 41 23 60 1 
2 90 46 69 7 108 72 17 42 4 75 50 2 
2 50 91 8 56 54 13 21 27 44 61 80 2 
3 43 105 67 103 24 14 107 37 68 86 97 3 
3 59 73 95 96 46 90 104 76 57 88 43 3 
9 70 63 66 33 107 14 53 11 74 73 59 9 

New max fit: 16 (about to try vertex 12)
0 31 47 24 103 5 94 30 79 81 49 0 
0 49 99 61 44 36 92 89 10 62 84 0 
0 84 32 29 23 41 20 54 56 51 31 0 
1 60 45 34 52 47 31 51 28 55 110 1 
1 110 36 44 27 48 5 103 67 4 42 1 
2 80 82 22 53 14 24 47 52 104 90 2 
3 97 99 49 81 18 17 72 101 9 59 3 
4 67 105 87 39 25 106 100 19 12 75 4 
5 48 15 109 70 9 101 65 102 58 94 5 
11 38 98 35 64 32 84 62 12 19 74 11 
1 42 17 18 16 38 11 53 22 41 23 60 1 
2 90 46 69 7 108 72 17 42 4 75 50 2 
2 50 91 8 56 54 13 21 27 44 61 80 2 
3 43 105 67 103 24 14 107 37 68 86 97 3 
3 59 73 95 96 46 90 104 76 57 88 43 3 
9 70 63 66 33 107 14 53 11 74 73 59 9 

New max fit: 17 (about to try vertex 16)
0 31 47 24 103 5 94 30 79 81 49 0 
0 49 99 61 44 36 92 89 10 62 84 0 
0 84 32 29 23 41 20 54 56 51 31 0 
1 60 45 34 52 47 31 51 28 55 110 1 
1 110 36 44 27 48 5 103 67 4 42 1 
2 80 82 22 53 14 24 47 52 104 90 2 
3 97 99 49 81 18 17 72 101 9 59 3 
4 67 105 87 35 64 32 84 62 12 75 4 
5 48 15 109 70 9 101 65 102 58 94 5 
11 38 98 35 87 39 25 106 100 19 74 11 
1 42 17 18 16 38 11 53 22 41 23 60 1 
2 90 46 69 7 108 72 17 42 4 75 50 2 
2 50 91 8 56 54 13 21 27 44 61 80 2 
3 43 105 67 103 24 14 107 37 68 86 97 3 
3 59 73 95 96 46 90 104 76 57 88 43 3 
6 71 93 85 40 16 18 81 79 83 25 39 6 
9 70 63 66 33 107 14 53 11 74 73 59 9 

New max fit: 18 (about to try vertex 5)
0 31 47 24 103 5 94 30 79 81 49 0 
0 49 99 61 44 36 92 89 10 62 84 0 
0 84 32 29 23 41 20 54 56 51 31 0 
2 80 82 22 53 14 24 47 52 104 90 2 
3 59 9 101 72 108 13 54 20 88 43 3 
3 97 86 68 93 71 28 55 95 73 59 3 
6 39 25 106 34 52 47 31 51 28 71 6 
10 89 57 88 20 41 22 82 77 65 102 10 
1 42 17 18 81 79 83 66 33 92 36 110 1 
2 90 46 69 7 108 72 17 42 4 75 50 2 
2 50 91 8 56 54 13 21 27 44 61 80 2 
3 43 105 87 39 6 77 82 80 61 99 97 3 
5 48 27 21 100 19 12 62 10 102 58 94 5 
6 71 93 85 40 16 18 17 72 101 65 77 6 
7 69 64 35 87 105 67 103 24 14 107 37 7 
7 37 68 86 26 45 34 106 100 21 13 108 7 
11 38 16 40 76 57 89 92 33 107 14 53 11 
16 38 98 111 78 26 86 97 99 49 81 18 16 

New max fit: 19 (about to try vertex 1)
0 31 47 24 103 5 94 30 79 81 49 0 
0 49 99 61 44 36 92 89 10 62 84 0 
0 84 32 29 23 41 20 54 56 51 31 0 
2 80 82 22 53 14 24 47 52 104 90 2 
3 59 9 101 72 108 13 54 20 88 43 3 
3 97 86 68 93 71 28 55 95 73 59 3 
6 39 25 106 34 52 47 31 51 28 71 6 
10 89 57 88 20 41 22 82 77 65 102 10 
1 42 17 18 81 79 83 66 33 92 36 110 1 
1 60 23 29 109 15 48 5 103 67 4 42 1 
2 90 46 69 7 108 72 17 42 4 75 50 2 
2 50 91 8 56 54 13 21 27 44 61 80 2 
3 43 105 87 39 6 77 82 80 61 99 97 3 
5 48 27 21 100 19 12 62 10 102 58 94 5 
6 71 93 85 40 16 18 17 72 101 65 77 6 
7 69 64 35 87 105 67 103 24 14 107 37 7 
7 37 68 86 26 45 34 106 100 21 13 108 7 
11 38 16 40 76 57 89 92 33 107 14 53 11 
16 38 98 111 78 26 86 97 99 49 81 18 16 

New max fit: 20 (about to try vertex 15)
0 31 47 24 103 5 94 30 79 81 49 0 
0 84 32 29 23 41 20 54 56 51 31 0 
1 42 17 72 108 13 21 27 44 36 110 1 
2 90 46 96 95 73 74 19 12 75 50 2 
6 39 87 105 43 88 20 41 22 82 77 6 
6 77 65 101 9 59 73 95 55 28 71 6 
7 69 64 35 98 111 8 56 54 13 108 7 
9 101 72 17 18 81 79 83 66 63 70 9 
14 24 47 52 34 45 26 86 68 37 107 14 
14 107 33 92 36 44 61 80 82 22 53 14 
1 60 23 29 109 70 63 91 50 75 4 42 1 
1 110 55 95 96 30 94 58 78 26 45 60 1 
3 59 9 70 109 15 85 40 76 57 88 43 3 
3 97 86 26 78 111 98 38 11 74 73 59 3 
4 67 103 24 14 53 11 38 16 18 17 42 4 
6 71 93 85 15 48 27 21 100 106 25 39 6 
10 62 12 19 100 21 13 54 20 88 57 89 10 
11 53 22 41 23 60 45 34 106 100 19 74 11 
0 49 99 97 3 43 105 67 4 75 12 62 84 0 
28 55 110 36 92 89 57 76 104 52 47 31 51 28 

New max fit: 21 (about to try vertex 12)
0 31 47 24 103 5 94 30 79 81 49 0 
0 49 99 61 80 2 50 75 12 62 84 0 
1 60 45 34 106 100 21 27 44 36 110 1 
6 39 25 106 34 52 47 31 51 28 71 6 
6 71 93 85 15 109 70 9 101 65 77 6 
7 37 107 14 24 47 52 104 90 46 69 7 
7 108 72 17 18 16 40 85 93 68 37 7 
16 18 81 79 83 25 39 87 35 98 38 16 
1 42 4 67 103 24 14 53 22 41 23 60 1 
2 80 82 22 53 11 74 73 95 96 46 90 2 
4 42 17 72 101 9 59 73 74 19 12 75 4 
7 69 64 32 29 109 15 48 27 21 13 108 7 
8 56 54 13 21 100 19 74 11 38 98 111 8 
11 53 14 107 33 92 89 57 76 40 16 38 11 
8 91 63 66 83 79 30 96 95 55 28 51 56 8 
0 84 32 64 35 87 105 43 88 20 54 56 51 31 0 
1 110 55 95 73 59 3 97 99 49 81 18 17 42 1 
2 90 104 76 57 88 43 3 59 9 70 63 91 50 2 
3 43 105 67 4 75 50 91 8 111 78 26 86 97 3 
5 48 15 85 40 76 104 52 34 45 26 78 58 94 5 
5 103 67 105 87 39 6 77 82 80 61 44 27 48 5 

New max fit: 22 (about to try vertex 12)
0 31 47 24 103 5 94 30 79 81 49 0 
1 60 45 34 52 47 31 51 28 55 110 1 
1 110 36 44 61 99 49 81 18 17 42 1 
4 42 17 72 101 9 70 63 91 50 75 4 
4 75 12 62 10 89 57 88 43 105 67 4 
7 69 64 35 98 38 11 53 14 107 37 7 
14 24 47 52 104 76 57 89 92 33 107 14 
15 109 29 23 41 20 88 57 76 40 85 15 
16 38 98 111 78 26 86 68 93 85 40 16 
0 49 99 97 86 26 45 60 23 29 32 84 0 
0 84 62 12 19 100 21 13 54 56 51 31 0 
1 42 4 67 103 24 14 53 22 41 23 60 1 
2 80 82 22 53 11 74 73 95 96 46 90 2 
3 43 88 20 54 13 108 7 37 68 86 97 3 
5 48 27 21 100 106 34 45 26 78 58 94 5 
6 77 82 80 61 44 27 48 15 85 93 71 6 
7 108 72 17 18 16 40 76 104 90 46 69 7 
10 62 84 32 64 69 46 96 30 94 58 102 10 
11 38 16 18 81 79 83 25 106 100 19 74 11 
8 56 54 20 41 22 82 77 65 102 58 78 111 8 
10 102 65 101 72 108 13 21 27 44 36 92 89 10 
5 103 67 105 87 39 25 83 66 63 70 109 15 48 5 

New max fit: 23 (about to try vertex 26)
0 31 47 24 103 5 94 30 79 81 49 0 
0 84 62 12 75 50 91 8 56 51 31 0 
1 42 4 75 12 19 74 73 95 55 110 1 
3 43 105 67 4 42 17 72 101 9 59 3 
9 70 63 66 83 79 30 96 95 73 59 9 
11 53 14 107 37 68 93 85 40 16 38 11 
13 21 27 44 36 110 55 28 51 56 54 13 
14 24 47 52 104 76 57 89 92 33 107 14 
1 60 45 26 78 111 98 38 16 18 17 42 1 
1 110 36 92 89 10 62 84 32 29 23 60 1 
2 90 46 69 7 37 107 33 66 63 91 50 2 
2 80 61 99 49 81 18 16 40 76 104 90 2 
2 50 75 4 67 103 24 14 53 22 82 80 2 
3 97 86 68 37 7 108 13 54 20 88 43 3 
5 48 27 21 100 19 12 62 10 102 58 94 5 
6 77 65 101 72 108 7 69 64 35 87 39 6 
11 74 19 100 106 34 45 60 23 41 22 53 11 
13 108 72 17 18 81 79 83 25 106 100 21 13 
26 45 34 52 47 31 51 28 71 93 68 86 26 
8 111 78 58 102 65 77 82 22 41 20 54 56 8 
9 101 65 102 10 89 57 88 20 41 23 29 109 70 9 
0 49 99 97 3 59 73 74 11 38 98 35 64 32 84 0 
5 103 67 105 87 35 98 111 8 91 63 70 109 15 48 5 

New max fit: 24 (about to try vertex 28)
0 31 47 24 103 5 94 30 79 81 49 0 
2 50 75 12 19 74 11 53 22 82 80 2 
3 43 105 87 39 6 77 65 101 9 59 3 
4 75 50 91 8 111 98 35 87 105 67 4 
8 56 51 28 71 93 68 86 26 78 111 8 
10 102 65 77 82 22 41 20 88 57 89 10 
0 49 99 61 44 27 21 100 19 12 62 84 0 
1 42 17 72 101 65 102 58 78 26 45 60 1 
1 60 23 29 32 84 62 10 89 92 36 110 1 
2 90 46 96 95 73 59 9 70 63 91 50 2 
3 59 73 74 19 100 106 34 45 26 86 97 3 
3 97 99 49 81 18 16 40 76 57 88 43 3 
4 67 103 24 14 53 11 38 16 18 17 42 4 
5 48 15 85 40 16 38 98 111 78 58 94 5 
5 103 67 105 43 88 20 54 13 21 27 48 5 
7 37 68 93 85 15 109 70 9 101 72 108 7 
13 108 72 17 18 81 79 83 25 106 100 21 13 
14 107 33 66 63 70 109 29 23 41 22 53 14 
20 41 23 60 45 34 52 47 31 51 56 54 20 
0 84 32 64 35 98 38 11 74 73 95 55 28 51 31 0 
1 110 55 95 96 30 94 58 102 10 62 12 75 4 42 1 
2 80 61 99 97 86 68 37 107 14 24 47 52 104 90 2 
7 108 13 54 56 8 91 63 66 83 79 30 96 46 69 7 
7 69 64 32 29 109 15 48 27 44 36 92 33 107 37 7 

New max fit: 25 (about to try vertex 6)
0 31 47 24 103 5 94 30 79 81 49 0 
2 50 75 12 19 74 11 53 22 82 80 2 
3 43 105 87 39 6 77 65 101 9 59 3 
4 75 50 91 8 111 98 35 87 105 67 4 
6 71 28 55 110 36 44 61 80 82 77 6 
8 56 51 28 71 93 68 86 26 78 111 8 
10 102 65 77 82 22 41 20 88 57 89 10 
0 49 99 61 44 27 21 100 19 12 62 84 0 
1 42 17 72 101 65 102 58 78 26 45 60 1 
1 60 23 29 32 84 62 10 89 92 36 110 1 
2 90 46 96 95 73 59 9 70 63 91 50 2 
3 59 73 74 19 100 106 34 45 26 86 97 3 
3 97 99 49 81 18 16 40 76 57 88 43 3 
4 67 103 24 14 53 11 38 16 18 17 42 4 
5 48 15 85 40 16 38 98 111 78 58 94 5 
5 103 67 105 43 88 20 54 13 21 27 48 5 
7 37 68 93 85 15 109 70 9 101 72 108 7 
13 108 72 17 18 81 79 83 25 106 100 21 13 
14 107 33 66 63 70 109 29 23 41 22 53 14 
20 41 23 60 45 34 52 47 31 51 56 54 20 
0 84 32 64 35 98 38 11 74 73 95 55 28 51 31 0 
1 110 55 95 96 30 94 58 102 10 62 12 75 4 42 1 
2 80 61 99 97 86 68 37 107 14 24 47 52 104 90 2 
7 108 13 54 56 8 91 63 66 83 79 30 96 46 69 7 
7 69 64 32 29 109 15 48 27 44 36 92 33 107 37 7 

New max fit: 26 (about to try vertex 0)
0 31 47 24 103 5 94 30 79 81 49 0 
0 49 99 61 44 36 92 89 10 62 84 0 
2 80 82 77 65 101 9 70 63 91 50 2 
3 43 88 20 41 22 82 80 61 99 97 3 
6 77 82 22 53 11 38 98 35 87 39 6 
14 24 47 52 34 45 26 86 68 37 107 14 
16 40 85 93 68 86 97 99 49 81 18 16 
1 42 4 75 50 91 8 111 78 26 45 60 1 
4 42 17 18 81 79 83 25 39 87 105 67 4 
7 108 13 54 20 88 57 89 92 33 107 37 7 
10 89 57 76 104 90 46 96 30 94 58 102 10 
11 74 19 100 106 34 52 104 76 40 16 38 11 
16 18 17 72 101 65 102 58 78 111 98 38 16 
23 60 45 34 106 25 83 66 63 70 109 29 23 
0 84 32 64 69 7 37 68 93 71 28 51 31 0 
8 56 51 28 55 95 96 46 69 64 35 98 111 8 
11 53 14 107 33 66 83 79 30 96 95 73 74 11 
3 97 86 26 78 58 94 5 48 15 109 70 9 59 3 
15 85 40 76 57 88 43 105 87 35 64 32 29 109 15 
1 60 23 41 20 54 56 8 91 63 66 33 92 36 110 1 
2 90 104 52 47 31 51 56 54 13 21 27 44 61 80 2 
3 59 73 95 55 110 36 44 27 48 5 103 67 105 43 3 
4 67 103 24 14 53 22 41 23 29 32 84 62 12 75 4 
1 110 55 28 71 6 39 25 106 100 21 13 108 72 17 42 1 
2 50 75 12 19 74 73 59 9 101 72 108 7 69 46 90 2 
6 71 93 85 15 48 27 21 100 19 12 62 10 102 65 77 6 

